<?xml version="1.0" encoding="UTF-8"?>
<!-- Generated by org.testng.reporters.JUnitXMLReporter -->
<testsuite ignored="0" hostname="DESKTOP-BEE35AR" failures="0" tests="2" name="Filters" time="0.05" errors="0" timestamp="2025-01-17T17:21:56 IST">
  <testcase classname="Bizupautomation.testCases.TestFilters" name="HomeReset" time="0.0">
    <skipped/>
  </testcase> <!-- HomeReset -->
  <testcase classname="Bizupautomation.testCases.TestFilters" name="VideoReset" time="0.0">
    <skipped/>
  </testcase> <!-- VideoReset -->
</testsuite> <!-- Filters -->
