<?xml version="1.0" encoding="UTF-8"?>
<!-- Generated by org.testng.reporters.JUnitXMLReporter -->
<testsuite ignored="0" hostname="DESKTOP-BEE35AR" failures="7" tests="7" name="SanityTest" time="77.751" errors="0" timestamp="2025-01-28T16:42:59 IST">
  <testcase classname="Bizupautomation.testCases.TestSanity" name="HomeReset" time="26.849">
    <failure type="java.lang.AssertionError" message="Filters are not clear ❌">
      <![CDATA[java.lang.AssertionError: Filters are not clear ❌
at buyer.pageObjects.HomePage.ClearFilters(HomePage.java:185)
at Bizupautomation.testCases.TestSanity.HomeReset(TestSanity.java:43)
at java.base/java.util.ArrayList.forEach(ArrayList.java:1596)
... Removed 26 stack frames]]>
    </failure>
  </testcase> <!-- HomeReset -->
  <testcase classname="Bizupautomation.testCases.TestSanity" name="HomeVideoCartFlow" time="6.215">
    <failure type="org.openqa.selenium.WebDriverException" message="An unknown server-side error occurred while processing the command. Original error: Error executing adbExec. Original error: &amp;apos;Command &amp;apos;C:\\Users\\lenovo\\AppData\\Local\\Android\\Sdk\\platform-tools\\adb.exe -P 5037 -s RZCW92L7VQW shell cmd package resolve-activity --brief com.sot.bizup.debug&amp;apos; exited with code 1&amp;apos;; Command output: adb.exe: device &amp;apos;RZCW92L7VQW&amp;apos; not found

Build info: version: &amp;apos;4.28.1&amp;apos;, revision: &amp;apos;73f5ad48a2&amp;apos;
System info: os.name: &amp;apos;Windows 10&amp;apos;, os.arch: &amp;apos;amd64&amp;apos;, os.version: &amp;apos;10.0&amp;apos;, java.version: &amp;apos;21.0.3&amp;apos;
Driver info: io.appium.java_client.android.AndroidDriver
Command: [fbd8e9b7-265f-4939-97c2-74fbb8e62d02, executeScript {args=[{appId=com.sot.bizup.debug, bundleId=com.sot.bizup.debug}], script=mobile: activateApp}]
Capabilities {appium:automationName: UIAutomator2, appium:databaseEnabled: false, appium:desired: {automationName: UIAutomator2, deviceName: &amp;quot;samsung SM-E146B&amp;quot;;, platformName: ANDROID}, appium:deviceApiLevel: 34, appium:deviceManufacturer: samsung, appium:deviceModel: SM-E146B, appium:deviceName: RZCW92L7VQW, appium:deviceScreenDensity: 450, appium:deviceScreenSize: 1080x2408, appium:deviceUDID: RZCW92L7VQW, appium:javascriptEnabled: true, appium:locationContextEnabled: false, appium:networkConnectionEnabled: true, appium:pixelRatio: 2.8125, appium:platformVersion: 14, appium:statBarHeight: 64, appium:takesScreenshot: true, appium:viewportRect: {height: 2344, left: 0, top: 64, width: 1080}, appium:warnings: {}, appium:webStorageEnabled: false, platformName: ANDROID}
Session ID: fbd8e9b7-265f-4939-97c2-74fbb8e62d02">
      <![CDATA[org.openqa.selenium.WebDriverException: An unknown server-side error occurred while processing the command. Original error: Error executing adbExec. Original error: 'Command 'C:\\Users\\lenovo\\AppData\\Local\\Android\\Sdk\\platform-tools\\adb.exe -P 5037 -s RZCW92L7VQW shell cmd package resolve-activity --brief com.sot.bizup.debug' exited with code 1'; Command output: adb.exe: device 'RZCW92L7VQW' not found

Build info: version: '4.28.1', revision: '73f5ad48a2'
System info: os.name: 'Windows 10', os.arch: 'amd64', os.version: '10.0', java.version: '21.0.3'
Driver info: io.appium.java_client.android.AndroidDriver
Command: [fbd8e9b7-265f-4939-97c2-74fbb8e62d02, executeScript {args=[{appId=com.sot.bizup.debug, bundleId=com.sot.bizup.debug}], script=mobile: activateApp}]
Capabilities {appium:automationName: UIAutomator2, appium:databaseEnabled: false, appium:desired: {automationName: UIAutomator2, deviceName: "samsung SM-E146B";, platformName: ANDROID}, appium:deviceApiLevel: 34, appium:deviceManufacturer: samsung, appium:deviceModel: SM-E146B, appium:deviceName: RZCW92L7VQW, appium:deviceScreenDensity: 450, appium:deviceScreenSize: 1080x2408, appium:deviceUDID: RZCW92L7VQW, appium:javascriptEnabled: true, appium:locationContextEnabled: false, appium:networkConnectionEnabled: true, appium:pixelRatio: 2.8125, appium:platformVersion: 14, appium:statBarHeight: 64, appium:takesScreenshot: true, appium:viewportRect: {height: 2344, left: 0, top: 64, width: 1080}, appium:warnings: {}, appium:webStorageEnabled: false, platformName: ANDROID}
Session ID: fbd8e9b7-265f-4939-97c2-74fbb8e62d02
at org.openqa.selenium.remote.ErrorCodec.decode(ErrorCodec.java:167)
at org.openqa.selenium.remote.codec.w3c.W3CHttpResponseCodec.decode(W3CHttpResponseCodec.java:138)
at org.openqa.selenium.remote.codec.w3c.W3CHttpResponseCodec.decode(W3CHttpResponseCodec.java:50)
at org.openqa.selenium.remote.HttpCommandExecutor.execute(HttpCommandExecutor.java:215)
at io.appium.java_client.remote.AppiumCommandExecutor.execute(AppiumCommandExecutor.java:237)
at org.openqa.selenium.remote.RemoteWebDriver.execute(RemoteWebDriver.java:545)
at org.openqa.selenium.remote.RemoteWebDriver.execute(RemoteWebDriver.java:618)
at io.appium.java_client.AppiumDriver.execute(AppiumDriver.java:305)
at io.appium.java_client.CommandExecutionHelper.execute(CommandExecutionHelper.java:36)
at io.appium.java_client.CommandExecutionHelper.executeScript(CommandExecutionHelper.java:67)
at io.appium.java_client.InteractsWithApps.activateApp(InteractsWithApps.java:196)
at io.appium.java_client.InteractsWithApps.activateApp(InteractsWithApps.java:178)
at buyer.utils.AndroidUtils.RestartApp(AndroidUtils.java:42)
at Bizupautomation.testCases.TestSanity.HomeVideoCartFlow(TestSanity.java:181)
at java.base/java.util.ArrayList.forEach(ArrayList.java:1596)
... Removed 28 stack frames]]>
    </failure>
  </testcase> <!-- HomeVideoCartFlow -->
  <testcase classname="Bizupautomation.testCases.TestSanity" name="LoginFlow" time="8.722">
    <failure type="org.openqa.selenium.WebDriverException" message="An unknown server-side error occurred while processing the command. Original error: Error executing adbExec. Original error: &amp;apos;Command &amp;apos;C:\\Users\\lenovo\\AppData\\Local\\Android\\Sdk\\platform-tools\\adb.exe -P 5037 -s RZCW92L7VQW shell cmd package resolve-activity --brief com.sot.bizup.debug&amp;apos; exited with code 1&amp;apos;; Command output: adb.exe: device &amp;apos;RZCW92L7VQW&amp;apos; not found

Build info: version: &amp;apos;4.28.1&amp;apos;, revision: &amp;apos;73f5ad48a2&amp;apos;
System info: os.name: &amp;apos;Windows 10&amp;apos;, os.arch: &amp;apos;amd64&amp;apos;, os.version: &amp;apos;10.0&amp;apos;, java.version: &amp;apos;21.0.3&amp;apos;
Driver info: io.appium.java_client.android.AndroidDriver
Command: [fbd8e9b7-265f-4939-97c2-74fbb8e62d02, executeScript {args=[{appId=com.sot.bizup.debug, bundleId=com.sot.bizup.debug}], script=mobile: activateApp}]
Capabilities {appium:automationName: UIAutomator2, appium:databaseEnabled: false, appium:desired: {automationName: UIAutomator2, deviceName: &amp;quot;samsung SM-E146B&amp;quot;;, platformName: ANDROID}, appium:deviceApiLevel: 34, appium:deviceManufacturer: samsung, appium:deviceModel: SM-E146B, appium:deviceName: RZCW92L7VQW, appium:deviceScreenDensity: 450, appium:deviceScreenSize: 1080x2408, appium:deviceUDID: RZCW92L7VQW, appium:javascriptEnabled: true, appium:locationContextEnabled: false, appium:networkConnectionEnabled: true, appium:pixelRatio: 2.8125, appium:platformVersion: 14, appium:statBarHeight: 64, appium:takesScreenshot: true, appium:viewportRect: {height: 2344, left: 0, top: 64, width: 1080}, appium:warnings: {}, appium:webStorageEnabled: false, platformName: ANDROID}
Session ID: fbd8e9b7-265f-4939-97c2-74fbb8e62d02">
      <![CDATA[org.openqa.selenium.WebDriverException: An unknown server-side error occurred while processing the command. Original error: Error executing adbExec. Original error: 'Command 'C:\\Users\\lenovo\\AppData\\Local\\Android\\Sdk\\platform-tools\\adb.exe -P 5037 -s RZCW92L7VQW shell cmd package resolve-activity --brief com.sot.bizup.debug' exited with code 1'; Command output: adb.exe: device 'RZCW92L7VQW' not found

Build info: version: '4.28.1', revision: '73f5ad48a2'
System info: os.name: 'Windows 10', os.arch: 'amd64', os.version: '10.0', java.version: '21.0.3'
Driver info: io.appium.java_client.android.AndroidDriver
Command: [fbd8e9b7-265f-4939-97c2-74fbb8e62d02, executeScript {args=[{appId=com.sot.bizup.debug, bundleId=com.sot.bizup.debug}], script=mobile: activateApp}]
Capabilities {appium:automationName: UIAutomator2, appium:databaseEnabled: false, appium:desired: {automationName: UIAutomator2, deviceName: "samsung SM-E146B";, platformName: ANDROID}, appium:deviceApiLevel: 34, appium:deviceManufacturer: samsung, appium:deviceModel: SM-E146B, appium:deviceName: RZCW92L7VQW, appium:deviceScreenDensity: 450, appium:deviceScreenSize: 1080x2408, appium:deviceUDID: RZCW92L7VQW, appium:javascriptEnabled: true, appium:locationContextEnabled: false, appium:networkConnectionEnabled: true, appium:pixelRatio: 2.8125, appium:platformVersion: 14, appium:statBarHeight: 64, appium:takesScreenshot: true, appium:viewportRect: {height: 2344, left: 0, top: 64, width: 1080}, appium:warnings: {}, appium:webStorageEnabled: false, platformName: ANDROID}
Session ID: fbd8e9b7-265f-4939-97c2-74fbb8e62d02
at org.openqa.selenium.remote.ErrorCodec.decode(ErrorCodec.java:167)
at org.openqa.selenium.remote.codec.w3c.W3CHttpResponseCodec.decode(W3CHttpResponseCodec.java:138)
at org.openqa.selenium.remote.codec.w3c.W3CHttpResponseCodec.decode(W3CHttpResponseCodec.java:50)
at org.openqa.selenium.remote.HttpCommandExecutor.execute(HttpCommandExecutor.java:215)
at io.appium.java_client.remote.AppiumCommandExecutor.execute(AppiumCommandExecutor.java:237)
at org.openqa.selenium.remote.RemoteWebDriver.execute(RemoteWebDriver.java:545)
at org.openqa.selenium.remote.RemoteWebDriver.execute(RemoteWebDriver.java:618)
at io.appium.java_client.AppiumDriver.execute(AppiumDriver.java:305)
at io.appium.java_client.CommandExecutionHelper.execute(CommandExecutionHelper.java:36)
at io.appium.java_client.CommandExecutionHelper.executeScript(CommandExecutionHelper.java:67)
at io.appium.java_client.InteractsWithApps.activateApp(InteractsWithApps.java:196)
at io.appium.java_client.InteractsWithApps.activateApp(InteractsWithApps.java:178)
at buyer.utils.AndroidUtils.RestartApp(AndroidUtils.java:42)
at Bizupautomation.testCases.TestSanity.LoginFlow(TestSanity.java:24)
at java.base/java.util.ArrayList.forEach(ArrayList.java:1596)
... Removed 28 stack frames]]>
    </failure>
  </testcase> <!-- LoginFlow -->
  <testcase classname="Bizupautomation.testCases.TestSanity" name="ProfileFlow" time="0.721">
    <failure type="org.openqa.selenium.WebDriverException" message="An unknown server-side error occurred while processing the command. Original error: Error executing adbExec. Original error: &amp;apos;Command &amp;apos;C:\\Users\\lenovo\\AppData\\Local\\Android\\Sdk\\platform-tools\\adb.exe -P 5037 -s RZCW92L7VQW shell cmd package resolve-activity --brief com.sot.bizup.debug&amp;apos; exited with code 1&amp;apos;; Command output: adb.exe: device &amp;apos;RZCW92L7VQW&amp;apos; not found

Build info: version: &amp;apos;4.28.1&amp;apos;, revision: &amp;apos;73f5ad48a2&amp;apos;
System info: os.name: &amp;apos;Windows 10&amp;apos;, os.arch: &amp;apos;amd64&amp;apos;, os.version: &amp;apos;10.0&amp;apos;, java.version: &amp;apos;21.0.3&amp;apos;
Driver info: io.appium.java_client.android.AndroidDriver
Command: [fbd8e9b7-265f-4939-97c2-74fbb8e62d02, executeScript {args=[{appId=com.sot.bizup.debug, bundleId=com.sot.bizup.debug}], script=mobile: activateApp}]
Capabilities {appium:automationName: UIAutomator2, appium:databaseEnabled: false, appium:desired: {automationName: UIAutomator2, deviceName: &amp;quot;samsung SM-E146B&amp;quot;;, platformName: ANDROID}, appium:deviceApiLevel: 34, appium:deviceManufacturer: samsung, appium:deviceModel: SM-E146B, appium:deviceName: RZCW92L7VQW, appium:deviceScreenDensity: 450, appium:deviceScreenSize: 1080x2408, appium:deviceUDID: RZCW92L7VQW, appium:javascriptEnabled: true, appium:locationContextEnabled: false, appium:networkConnectionEnabled: true, appium:pixelRatio: 2.8125, appium:platformVersion: 14, appium:statBarHeight: 64, appium:takesScreenshot: true, appium:viewportRect: {height: 2344, left: 0, top: 64, width: 1080}, appium:warnings: {}, appium:webStorageEnabled: false, platformName: ANDROID}
Session ID: fbd8e9b7-265f-4939-97c2-74fbb8e62d02">
      <![CDATA[org.openqa.selenium.WebDriverException: An unknown server-side error occurred while processing the command. Original error: Error executing adbExec. Original error: 'Command 'C:\\Users\\lenovo\\AppData\\Local\\Android\\Sdk\\platform-tools\\adb.exe -P 5037 -s RZCW92L7VQW shell cmd package resolve-activity --brief com.sot.bizup.debug' exited with code 1'; Command output: adb.exe: device 'RZCW92L7VQW' not found

Build info: version: '4.28.1', revision: '73f5ad48a2'
System info: os.name: 'Windows 10', os.arch: 'amd64', os.version: '10.0', java.version: '21.0.3'
Driver info: io.appium.java_client.android.AndroidDriver
Command: [fbd8e9b7-265f-4939-97c2-74fbb8e62d02, executeScript {args=[{appId=com.sot.bizup.debug, bundleId=com.sot.bizup.debug}], script=mobile: activateApp}]
Capabilities {appium:automationName: UIAutomator2, appium:databaseEnabled: false, appium:desired: {automationName: UIAutomator2, deviceName: "samsung SM-E146B";, platformName: ANDROID}, appium:deviceApiLevel: 34, appium:deviceManufacturer: samsung, appium:deviceModel: SM-E146B, appium:deviceName: RZCW92L7VQW, appium:deviceScreenDensity: 450, appium:deviceScreenSize: 1080x2408, appium:deviceUDID: RZCW92L7VQW, appium:javascriptEnabled: true, appium:locationContextEnabled: false, appium:networkConnectionEnabled: true, appium:pixelRatio: 2.8125, appium:platformVersion: 14, appium:statBarHeight: 64, appium:takesScreenshot: true, appium:viewportRect: {height: 2344, left: 0, top: 64, width: 1080}, appium:warnings: {}, appium:webStorageEnabled: false, platformName: ANDROID}
Session ID: fbd8e9b7-265f-4939-97c2-74fbb8e62d02
at org.openqa.selenium.remote.ErrorCodec.decode(ErrorCodec.java:167)
at org.openqa.selenium.remote.codec.w3c.W3CHttpResponseCodec.decode(W3CHttpResponseCodec.java:138)
at org.openqa.selenium.remote.codec.w3c.W3CHttpResponseCodec.decode(W3CHttpResponseCodec.java:50)
at org.openqa.selenium.remote.HttpCommandExecutor.execute(HttpCommandExecutor.java:215)
at io.appium.java_client.remote.AppiumCommandExecutor.execute(AppiumCommandExecutor.java:237)
at org.openqa.selenium.remote.RemoteWebDriver.execute(RemoteWebDriver.java:545)
at org.openqa.selenium.remote.RemoteWebDriver.execute(RemoteWebDriver.java:618)
at io.appium.java_client.AppiumDriver.execute(AppiumDriver.java:305)
at io.appium.java_client.CommandExecutionHelper.execute(CommandExecutionHelper.java:36)
at io.appium.java_client.CommandExecutionHelper.executeScript(CommandExecutionHelper.java:67)
at io.appium.java_client.InteractsWithApps.activateApp(InteractsWithApps.java:196)
at io.appium.java_client.InteractsWithApps.activateApp(InteractsWithApps.java:178)
at buyer.utils.AndroidUtils.RestartApp(AndroidUtils.java:42)
at Bizupautomation.testCases.TestSanity.ProfileFlow(TestSanity.java:144)
at java.base/java.util.ArrayList.forEach(ArrayList.java:1596)
... Removed 28 stack frames]]>
    </failure>
  </testcase> <!-- ProfileFlow -->
  <testcase classname="Bizupautomation.testCases.TestSanity" name="SearchCartFlow" time="5.49">
    <failure type="org.openqa.selenium.WebDriverException" message="An unknown server-side error occurred while processing the command. Original error: Error executing adbExec. Original error: &amp;apos;Command &amp;apos;C:\\Users\\lenovo\\AppData\\Local\\Android\\Sdk\\platform-tools\\adb.exe -P 5037 -s RZCW92L7VQW shell cmd package resolve-activity --brief com.sot.bizup.debug&amp;apos; exited with code 1&amp;apos;; Command output: adb.exe: device &amp;apos;RZCW92L7VQW&amp;apos; not found

Build info: version: &amp;apos;4.28.1&amp;apos;, revision: &amp;apos;73f5ad48a2&amp;apos;
System info: os.name: &amp;apos;Windows 10&amp;apos;, os.arch: &amp;apos;amd64&amp;apos;, os.version: &amp;apos;10.0&amp;apos;, java.version: &amp;apos;21.0.3&amp;apos;
Driver info: io.appium.java_client.android.AndroidDriver
Command: [fbd8e9b7-265f-4939-97c2-74fbb8e62d02, executeScript {args=[{appId=com.sot.bizup.debug, bundleId=com.sot.bizup.debug}], script=mobile: activateApp}]
Capabilities {appium:automationName: UIAutomator2, appium:databaseEnabled: false, appium:desired: {automationName: UIAutomator2, deviceName: &amp;quot;samsung SM-E146B&amp;quot;;, platformName: ANDROID}, appium:deviceApiLevel: 34, appium:deviceManufacturer: samsung, appium:deviceModel: SM-E146B, appium:deviceName: RZCW92L7VQW, appium:deviceScreenDensity: 450, appium:deviceScreenSize: 1080x2408, appium:deviceUDID: RZCW92L7VQW, appium:javascriptEnabled: true, appium:locationContextEnabled: false, appium:networkConnectionEnabled: true, appium:pixelRatio: 2.8125, appium:platformVersion: 14, appium:statBarHeight: 64, appium:takesScreenshot: true, appium:viewportRect: {height: 2344, left: 0, top: 64, width: 1080}, appium:warnings: {}, appium:webStorageEnabled: false, platformName: ANDROID}
Session ID: fbd8e9b7-265f-4939-97c2-74fbb8e62d02">
      <![CDATA[org.openqa.selenium.WebDriverException: An unknown server-side error occurred while processing the command. Original error: Error executing adbExec. Original error: 'Command 'C:\\Users\\lenovo\\AppData\\Local\\Android\\Sdk\\platform-tools\\adb.exe -P 5037 -s RZCW92L7VQW shell cmd package resolve-activity --brief com.sot.bizup.debug' exited with code 1'; Command output: adb.exe: device 'RZCW92L7VQW' not found

Build info: version: '4.28.1', revision: '73f5ad48a2'
System info: os.name: 'Windows 10', os.arch: 'amd64', os.version: '10.0', java.version: '21.0.3'
Driver info: io.appium.java_client.android.AndroidDriver
Command: [fbd8e9b7-265f-4939-97c2-74fbb8e62d02, executeScript {args=[{appId=com.sot.bizup.debug, bundleId=com.sot.bizup.debug}], script=mobile: activateApp}]
Capabilities {appium:automationName: UIAutomator2, appium:databaseEnabled: false, appium:desired: {automationName: UIAutomator2, deviceName: "samsung SM-E146B";, platformName: ANDROID}, appium:deviceApiLevel: 34, appium:deviceManufacturer: samsung, appium:deviceModel: SM-E146B, appium:deviceName: RZCW92L7VQW, appium:deviceScreenDensity: 450, appium:deviceScreenSize: 1080x2408, appium:deviceUDID: RZCW92L7VQW, appium:javascriptEnabled: true, appium:locationContextEnabled: false, appium:networkConnectionEnabled: true, appium:pixelRatio: 2.8125, appium:platformVersion: 14, appium:statBarHeight: 64, appium:takesScreenshot: true, appium:viewportRect: {height: 2344, left: 0, top: 64, width: 1080}, appium:warnings: {}, appium:webStorageEnabled: false, platformName: ANDROID}
Session ID: fbd8e9b7-265f-4939-97c2-74fbb8e62d02
at org.openqa.selenium.remote.ErrorCodec.decode(ErrorCodec.java:167)
at org.openqa.selenium.remote.codec.w3c.W3CHttpResponseCodec.decode(W3CHttpResponseCodec.java:138)
at org.openqa.selenium.remote.codec.w3c.W3CHttpResponseCodec.decode(W3CHttpResponseCodec.java:50)
at org.openqa.selenium.remote.HttpCommandExecutor.execute(HttpCommandExecutor.java:215)
at io.appium.java_client.remote.AppiumCommandExecutor.execute(AppiumCommandExecutor.java:237)
at org.openqa.selenium.remote.RemoteWebDriver.execute(RemoteWebDriver.java:545)
at org.openqa.selenium.remote.RemoteWebDriver.execute(RemoteWebDriver.java:618)
at io.appium.java_client.AppiumDriver.execute(AppiumDriver.java:305)
at io.appium.java_client.CommandExecutionHelper.execute(CommandExecutionHelper.java:36)
at io.appium.java_client.CommandExecutionHelper.executeScript(CommandExecutionHelper.java:67)
at io.appium.java_client.InteractsWithApps.activateApp(InteractsWithApps.java:196)
at io.appium.java_client.InteractsWithApps.activateApp(InteractsWithApps.java:178)
at buyer.utils.AndroidUtils.RestartApp(AndroidUtils.java:42)
at Bizupautomation.testCases.TestSanity.SearchCartFlow(TestSanity.java:208)
at java.base/java.util.ArrayList.forEach(ArrayList.java:1596)
... Removed 28 stack frames]]>
    </failure>
  </testcase> <!-- SearchCartFlow -->
  <testcase classname="Bizupautomation.testCases.TestSanity" name="SearchEnquiryFlow" time="5.532">
    <failure type="org.openqa.selenium.WebDriverException" message="An unknown server-side error occurred while processing the command. Original error: Error executing adbExec. Original error: &amp;apos;Command &amp;apos;C:\\Users\\lenovo\\AppData\\Local\\Android\\Sdk\\platform-tools\\adb.exe -P 5037 -s RZCW92L7VQW shell cmd package resolve-activity --brief com.sot.bizup.debug&amp;apos; exited with code 1&amp;apos;; Command output: adb.exe: device &amp;apos;RZCW92L7VQW&amp;apos; not found

Build info: version: &amp;apos;4.28.1&amp;apos;, revision: &amp;apos;73f5ad48a2&amp;apos;
System info: os.name: &amp;apos;Windows 10&amp;apos;, os.arch: &amp;apos;amd64&amp;apos;, os.version: &amp;apos;10.0&amp;apos;, java.version: &amp;apos;21.0.3&amp;apos;
Driver info: io.appium.java_client.android.AndroidDriver
Command: [fbd8e9b7-265f-4939-97c2-74fbb8e62d02, executeScript {args=[{appId=com.sot.bizup.debug, bundleId=com.sot.bizup.debug}], script=mobile: activateApp}]
Capabilities {appium:automationName: UIAutomator2, appium:databaseEnabled: false, appium:desired: {automationName: UIAutomator2, deviceName: &amp;quot;samsung SM-E146B&amp;quot;;, platformName: ANDROID}, appium:deviceApiLevel: 34, appium:deviceManufacturer: samsung, appium:deviceModel: SM-E146B, appium:deviceName: RZCW92L7VQW, appium:deviceScreenDensity: 450, appium:deviceScreenSize: 1080x2408, appium:deviceUDID: RZCW92L7VQW, appium:javascriptEnabled: true, appium:locationContextEnabled: false, appium:networkConnectionEnabled: true, appium:pixelRatio: 2.8125, appium:platformVersion: 14, appium:statBarHeight: 64, appium:takesScreenshot: true, appium:viewportRect: {height: 2344, left: 0, top: 64, width: 1080}, appium:warnings: {}, appium:webStorageEnabled: false, platformName: ANDROID}
Session ID: fbd8e9b7-265f-4939-97c2-74fbb8e62d02">
      <![CDATA[org.openqa.selenium.WebDriverException: An unknown server-side error occurred while processing the command. Original error: Error executing adbExec. Original error: 'Command 'C:\\Users\\lenovo\\AppData\\Local\\Android\\Sdk\\platform-tools\\adb.exe -P 5037 -s RZCW92L7VQW shell cmd package resolve-activity --brief com.sot.bizup.debug' exited with code 1'; Command output: adb.exe: device 'RZCW92L7VQW' not found

Build info: version: '4.28.1', revision: '73f5ad48a2'
System info: os.name: 'Windows 10', os.arch: 'amd64', os.version: '10.0', java.version: '21.0.3'
Driver info: io.appium.java_client.android.AndroidDriver
Command: [fbd8e9b7-265f-4939-97c2-74fbb8e62d02, executeScript {args=[{appId=com.sot.bizup.debug, bundleId=com.sot.bizup.debug}], script=mobile: activateApp}]
Capabilities {appium:automationName: UIAutomator2, appium:databaseEnabled: false, appium:desired: {automationName: UIAutomator2, deviceName: "samsung SM-E146B";, platformName: ANDROID}, appium:deviceApiLevel: 34, appium:deviceManufacturer: samsung, appium:deviceModel: SM-E146B, appium:deviceName: RZCW92L7VQW, appium:deviceScreenDensity: 450, appium:deviceScreenSize: 1080x2408, appium:deviceUDID: RZCW92L7VQW, appium:javascriptEnabled: true, appium:locationContextEnabled: false, appium:networkConnectionEnabled: true, appium:pixelRatio: 2.8125, appium:platformVersion: 14, appium:statBarHeight: 64, appium:takesScreenshot: true, appium:viewportRect: {height: 2344, left: 0, top: 64, width: 1080}, appium:warnings: {}, appium:webStorageEnabled: false, platformName: ANDROID}
Session ID: fbd8e9b7-265f-4939-97c2-74fbb8e62d02
at org.openqa.selenium.remote.ErrorCodec.decode(ErrorCodec.java:167)
at org.openqa.selenium.remote.codec.w3c.W3CHttpResponseCodec.decode(W3CHttpResponseCodec.java:138)
at org.openqa.selenium.remote.codec.w3c.W3CHttpResponseCodec.decode(W3CHttpResponseCodec.java:50)
at org.openqa.selenium.remote.HttpCommandExecutor.execute(HttpCommandExecutor.java:215)
at io.appium.java_client.remote.AppiumCommandExecutor.execute(AppiumCommandExecutor.java:237)
at org.openqa.selenium.remote.RemoteWebDriver.execute(RemoteWebDriver.java:545)
at org.openqa.selenium.remote.RemoteWebDriver.execute(RemoteWebDriver.java:618)
at io.appium.java_client.AppiumDriver.execute(AppiumDriver.java:305)
at io.appium.java_client.CommandExecutionHelper.execute(CommandExecutionHelper.java:36)
at io.appium.java_client.CommandExecutionHelper.executeScript(CommandExecutionHelper.java:67)
at io.appium.java_client.InteractsWithApps.activateApp(InteractsWithApps.java:196)
at io.appium.java_client.InteractsWithApps.activateApp(InteractsWithApps.java:178)
at buyer.utils.AndroidUtils.RestartApp(AndroidUtils.java:42)
at Bizupautomation.testCases.TestSanity.SearchEnquiryFlow(TestSanity.java:119)
at java.base/java.util.ArrayList.forEach(ArrayList.java:1596)
... Removed 28 stack frames]]>
    </failure>
  </testcase> <!-- SearchEnquiryFlow -->
  <testcase classname="Bizupautomation.testCases.TestSanity" name="VideoReset" time="0.375">
    <failure type="org.openqa.selenium.WebDriverException" message="An unknown server-side error occurred while processing the command. Original error: Error executing adbExec. Original error: &amp;apos;Command &amp;apos;C:\\Users\\lenovo\\AppData\\Local\\Android\\Sdk\\platform-tools\\adb.exe -P 5037 -s RZCW92L7VQW shell cmd package resolve-activity --brief com.sot.bizup.debug&amp;apos; exited with code 1&amp;apos;; Command output: adb.exe: device &amp;apos;RZCW92L7VQW&amp;apos; not found

Build info: version: &amp;apos;4.28.1&amp;apos;, revision: &amp;apos;73f5ad48a2&amp;apos;
System info: os.name: &amp;apos;Windows 10&amp;apos;, os.arch: &amp;apos;amd64&amp;apos;, os.version: &amp;apos;10.0&amp;apos;, java.version: &amp;apos;21.0.3&amp;apos;
Driver info: io.appium.java_client.android.AndroidDriver
Command: [fbd8e9b7-265f-4939-97c2-74fbb8e62d02, executeScript {args=[{appId=com.sot.bizup.debug, bundleId=com.sot.bizup.debug}], script=mobile: activateApp}]
Capabilities {appium:automationName: UIAutomator2, appium:databaseEnabled: false, appium:desired: {automationName: UIAutomator2, deviceName: &amp;quot;samsung SM-E146B&amp;quot;;, platformName: ANDROID}, appium:deviceApiLevel: 34, appium:deviceManufacturer: samsung, appium:deviceModel: SM-E146B, appium:deviceName: RZCW92L7VQW, appium:deviceScreenDensity: 450, appium:deviceScreenSize: 1080x2408, appium:deviceUDID: RZCW92L7VQW, appium:javascriptEnabled: true, appium:locationContextEnabled: false, appium:networkConnectionEnabled: true, appium:pixelRatio: 2.8125, appium:platformVersion: 14, appium:statBarHeight: 64, appium:takesScreenshot: true, appium:viewportRect: {height: 2344, left: 0, top: 64, width: 1080}, appium:warnings: {}, appium:webStorageEnabled: false, platformName: ANDROID}
Session ID: fbd8e9b7-265f-4939-97c2-74fbb8e62d02">
      <![CDATA[org.openqa.selenium.WebDriverException: An unknown server-side error occurred while processing the command. Original error: Error executing adbExec. Original error: 'Command 'C:\\Users\\lenovo\\AppData\\Local\\Android\\Sdk\\platform-tools\\adb.exe -P 5037 -s RZCW92L7VQW shell cmd package resolve-activity --brief com.sot.bizup.debug' exited with code 1'; Command output: adb.exe: device 'RZCW92L7VQW' not found

Build info: version: '4.28.1', revision: '73f5ad48a2'
System info: os.name: 'Windows 10', os.arch: 'amd64', os.version: '10.0', java.version: '21.0.3'
Driver info: io.appium.java_client.android.AndroidDriver
Command: [fbd8e9b7-265f-4939-97c2-74fbb8e62d02, executeScript {args=[{appId=com.sot.bizup.debug, bundleId=com.sot.bizup.debug}], script=mobile: activateApp}]
Capabilities {appium:automationName: UIAutomator2, appium:databaseEnabled: false, appium:desired: {automationName: UIAutomator2, deviceName: "samsung SM-E146B";, platformName: ANDROID}, appium:deviceApiLevel: 34, appium:deviceManufacturer: samsung, appium:deviceModel: SM-E146B, appium:deviceName: RZCW92L7VQW, appium:deviceScreenDensity: 450, appium:deviceScreenSize: 1080x2408, appium:deviceUDID: RZCW92L7VQW, appium:javascriptEnabled: true, appium:locationContextEnabled: false, appium:networkConnectionEnabled: true, appium:pixelRatio: 2.8125, appium:platformVersion: 14, appium:statBarHeight: 64, appium:takesScreenshot: true, appium:viewportRect: {height: 2344, left: 0, top: 64, width: 1080}, appium:warnings: {}, appium:webStorageEnabled: false, platformName: ANDROID}
Session ID: fbd8e9b7-265f-4939-97c2-74fbb8e62d02
at org.openqa.selenium.remote.ErrorCodec.decode(ErrorCodec.java:167)
at org.openqa.selenium.remote.codec.w3c.W3CHttpResponseCodec.decode(W3CHttpResponseCodec.java:138)
at org.openqa.selenium.remote.codec.w3c.W3CHttpResponseCodec.decode(W3CHttpResponseCodec.java:50)
at org.openqa.selenium.remote.HttpCommandExecutor.execute(HttpCommandExecutor.java:215)
at io.appium.java_client.remote.AppiumCommandExecutor.execute(AppiumCommandExecutor.java:237)
at org.openqa.selenium.remote.RemoteWebDriver.execute(RemoteWebDriver.java:545)
at org.openqa.selenium.remote.RemoteWebDriver.execute(RemoteWebDriver.java:618)
at io.appium.java_client.AppiumDriver.execute(AppiumDriver.java:305)
at io.appium.java_client.CommandExecutionHelper.execute(CommandExecutionHelper.java:36)
at io.appium.java_client.CommandExecutionHelper.executeScript(CommandExecutionHelper.java:67)
at io.appium.java_client.InteractsWithApps.activateApp(InteractsWithApps.java:196)
at io.appium.java_client.InteractsWithApps.activateApp(InteractsWithApps.java:178)
at buyer.utils.AndroidUtils.RestartApp(AndroidUtils.java:42)
at Bizupautomation.testCases.TestSanity.VideoReset(TestSanity.java:78)
at java.base/java.util.ArrayList.forEach(ArrayList.java:1596)
... Removed 28 stack frames]]>
    </failure>
  </testcase> <!-- VideoReset -->
</testsuite> <!-- SanityTest -->
