<?xml version="1.0" encoding="UTF-8"?>
<testng-results ignored="0" total="2" passed="2" failed="0" skipped="0">
  <reporter-output>
  </reporter-output>
  <suite started-at="2025-01-30T14:21:04 IST" name="BizupBuyerApp" finished-at="2025-01-30T14:22:47 IST" duration-ms="103198">
    <groups>
    </groups>
    <test started-at="2025-01-30T14:21:04 IST" name="SmokeTest" finished-at="2025-01-30T14:22:47 IST" duration-ms="103198">
      <class name="Bizupautomation.testCases.TestSmoke">
        <test-method is-config="true" signature="configureAppium()[pri:0, instance:Bizupautomation.testCases.TestSmoke@26adfd2d]" started-at="2025-01-30T14:21:04 IST" name="configureAppium" finished-at="2025-01-30T14:21:12 IST" duration-ms="7894" status="PASS">
          <reporter-output>
          </reporter-output>
        </test-method> <!-- configureAppium -->
        <test-method signature="LoginFlow()[pri:1, instance:Bizupautomation.testCases.TestSmoke@26adfd2d]" started-at="2025-01-30T14:21:12 IST" name="LoginFlow" description="Verify user can successfully login" finished-at="2025-01-30T14:22:03 IST" duration-ms="50952" status="PASS">
          <reporter-output>
          </reporter-output>
        </test-method> <!-- LoginFlow -->
        <test-method signature="HomeVideoCartFlow()[pri:2, instance:Bizupautomation.testCases.TestSmoke@26adfd2d]" started-at="2025-01-30T14:22:03 IST" name="HomeVideoCartFlow" description="Verify catalog add-to-cart and payment functionality (home page &gt;&gt; Video Page &gt;&gt; Collection Page/Product page)" finished-at="2025-01-30T14:22:47 IST" duration-ms="43961" status="PASS">
          <reporter-output>
          </reporter-output>
        </test-method> <!-- HomeVideoCartFlow -->
        <test-method is-config="true" signature="tearDown()[pri:0, instance:Bizupautomation.testCases.TestSmoke@26adfd2d]" started-at="2025-01-30T14:22:47 IST" name="tearDown" finished-at="2025-01-30T14:22:47 IST" duration-ms="321" status="PASS">
          <reporter-output>
          </reporter-output>
        </test-method> <!-- tearDown -->
      </class> <!-- Bizupautomation.testCases.TestSmoke -->
    </test> <!-- SmokeTest -->
  </suite> <!-- BizupBuyerApp -->
</testng-results>
